Flow report for digital_synthesizer_v1_2
Mon Nov 30 22:21:02 2020
Quartus Prime Version 18.1.0 Build 625 09/12/2018 SJ Standard Edition


---------------------
; Table of Contents ;
---------------------
  1. Legal Notice
  2. Flow Summary
  3. Flow Settings
  4. Flow Non-Default Global Settings
  5. Flow Elapsed Time
  6. Flow OS Summary
  7. Flow Log
  8. Flow Messages
  9. Flow Suppressed Messages



----------------
; Legal Notice ;
----------------
Copyright (C) 2018  Intel Corporation. All rights reserved.
Your use of Intel Corporation's design tools, logic functions 
and other software and tools, and its AMPP partner logic 
functions, and any output files from any of the foregoing 
(including device programming or simulation files), and any 
associated documentation or information are expressly subject 
to the terms and conditions of the Intel Program License 
Subscription Agreement, the Intel Quartus Prime License Agreement,
the Intel FPGA IP License Agreement, or other applicable license
agreement, including, without limitation, that your use is for
the sole purpose of programming logic devices manufactured by
Intel and sold by Intel or its authorized distributors.  Please
refer to the applicable agreement for further details.



+-----------------------------------------------------------------------------------+
; Flow Summary                                                                      ;
+---------------------------------+-------------------------------------------------+
; Flow Status                     ; Successful - Mon Nov 30 22:17:59 2020           ;
; Quartus Prime Version           ; 18.1.0 Build 625 09/12/2018 SJ Standard Edition ;
; Revision Name                   ; digital_synthesizer_v1_2                        ;
; Top-level Entity Name           ; digital_synthesizer_v1                          ;
; Family                          ; Arria V                                         ;
; Device                          ; 5AGXFB5K4F40I3                                  ;
; Timing Models                   ; Final                                           ;
; Logic utilization (in ALMs)     ; 4,393 / 158,500 ( 3 % )                         ;
; Total registers                 ; 4325                                            ;
; Total pins                      ; 99 / 872 ( 11 % )                               ;
; Total virtual pins              ; 0                                               ;
; Total block memory bits         ; 50,738 / 21,032,960 ( < 1 % )                   ;
; Total DSP Blocks                ; 16 / 1,092 ( 1 % )                              ;
; Total HSSI RX PCSs              ; 0 / 36 ( 0 % )                                  ;
; Total HSSI PMA RX Deserializers ; 0 / 36 ( 0 % )                                  ;
; Total HSSI TX PCSs              ; 0 / 36 ( 0 % )                                  ;
; Total HSSI PMA TX Serializers   ; 0 / 36 ( 0 % )                                  ;
; Total PLLs                      ; 0 / 52 ( 0 % )                                  ;
; Total DLLs                      ; 0 / 4 ( 0 % )                                   ;
+---------------------------------+-------------------------------------------------+


+----------------------------------------------+
; Flow Settings                                ;
+-------------------+--------------------------+
; Option            ; Setting                  ;
+-------------------+--------------------------+
; Start date & time ; 11/30/2020 21:46:47      ;
; Main task         ; Compilation              ;
; Revision Name     ; digital_synthesizer_v1_2 ;
+-------------------+--------------------------+


+-----------------------------------------------------------------------------------------------------------------------------------------------+
; Flow Non-Default Global Settings                                                                                                              ;
+-------------------------------------+----------------------------------------+--------------------------+------------------------+------------+
; Assignment Name                     ; Value                                  ; Default Value            ; Entity Name            ; Section Id ;
+-------------------------------------+----------------------------------------+--------------------------+------------------------+------------+
; COMPILER_SIGNATURE_ID               ; 20762693217371.160676200507044         ; --                       ; --                     ; --         ;
; MAX_CORE_JUNCTION_TEMP              ; 100                                    ; --                       ; --                     ; --         ;
; MIN_CORE_JUNCTION_TEMP              ; -40                                    ; --                       ; --                     ; --         ;
; PARTITION_COLOR                     ; -- (Not supported for targeted family) ; --                       ; digital_synthesizer_v1 ; Top        ;
; PARTITION_FITTER_PRESERVATION_LEVEL ; -- (Not supported for targeted family) ; --                       ; digital_synthesizer_v1 ; Top        ;
; PARTITION_NETLIST_TYPE              ; -- (Not supported for targeted family) ; --                       ; digital_synthesizer_v1 ; Top        ;
; POWER_BOARD_THERMAL_MODEL           ; None (CONSERVATIVE)                    ; --                       ; --                     ; --         ;
; POWER_PRESET_COOLING_SOLUTION       ; 23 MM HEAT SINK WITH 200 LFPM AIRFLOW  ; --                       ; --                     ; --         ;
; PROJECT_OUTPUT_DIRECTORY            ; output_files                           ; --                       ; --                     ; --         ;
; TOP_LEVEL_ENTITY                    ; digital_synthesizer_v1                 ; digital_synthesizer_v1_2 ; --                     ; --         ;
+-------------------------------------+----------------------------------------+--------------------------+------------------------+------------+


+--------------------------------------------------------------------------------------------------------------------------+
; Flow Elapsed Time                                                                                                        ;
+----------------------+--------------+-------------------------+---------------------+------------------------------------+
; Module Name          ; Elapsed Time ; Average Processors Used ; Peak Virtual Memory ; Total CPU Time (on all processors) ;
+----------------------+--------------+-------------------------+---------------------+------------------------------------+
; Analysis & Synthesis ; 00:04:13     ; 1.3                     ; 922 MB              ; 00:03:19                           ;
; Fitter               ; 00:26:45     ; 1.1                     ; 3399 MB             ; 00:22:43                           ;
; Timing Analyzer      ; 00:01:07     ; 1.4                     ; 1408 MB             ; 00:01:19                           ;
; Total                ; 00:32:05     ; --                      ; --                  ; 00:27:21                           ;
+----------------------+--------------+-------------------------+---------------------+------------------------------------+


+-------------------------------------------------------------------------------------+
; Flow OS Summary                                                                     ;
+----------------------+------------------+-------------+------------+----------------+
; Module Name          ; Machine Hostname ; OS Name     ; OS Version ; Processor type ;
+----------------------+------------------+-------------+------------+----------------+
; Analysis & Synthesis ; Kudryavcev-AV    ; Windows 8.1 ; 6.3        ; x86_64         ;
; Fitter               ; Kudryavcev-AV    ; Windows 8.1 ; 6.3        ; x86_64         ;
; Timing Analyzer      ; Kudryavcev-AV    ; Windows 8.1 ; 6.3        ; x86_64         ;
+----------------------+------------------+-------------+------------+----------------+


------------
; Flow Log ;
------------
quartus_map --read_settings_files=on --write_settings_files=off digital_synthesizer_v1_2 -c digital_synthesizer_v1_2
quartus_fit --read_settings_files=off --write_settings_files=off digital_synthesizer_v1_2 -c digital_synthesizer_v1_2
quartus_sta digital_synthesizer_v1_2 -c digital_synthesizer_v1_2



